[debug] [2025-07-11T11:33:33.370Z] ----------------------------------------------------------------------
[debug] [2025-07-11T11:33:33.373Z] Command:       /opt/homebrew/Cellar/node/24.3.0/bin/node /opt/homebrew/bin/firebase emulators:start --only firestore
[debug] [2025-07-11T11:33:33.373Z] CLI Version:   13.14.2
[debug] [2025-07-11T11:33:33.373Z] Platform:      darwin
[debug] [2025-07-11T11:33:33.373Z] Node Version:  v24.3.0
[debug] [2025-07-11T11:33:33.374Z] Time:          Fri Jul 11 2025 14:33:33 GMT+0300 (Israel Daylight Time)
[debug] [2025-07-11T11:33:33.374Z] ----------------------------------------------------------------------
[debug] 
[debug] [2025-07-11T11:33:33.425Z] > command requires scopes: ["email","openid","https://www.googleapis.com/auth/cloudplatformprojects.readonly","https://www.googleapis.com/auth/firebase","https://www.googleapis.com/auth/cloud-platform"]
[debug] [2025-07-11T11:33:33.426Z] > authorizing via signed-in user (daniel1schreiber@gmail.com)
[debug] [2025-07-11T11:33:33.559Z] openjdk version "11.0.27" 2025-04-15
[debug] [2025-07-11T11:33:33.559Z] 
OpenJDK Runtime Environment Homebrew (build 11.0.27+0)
OpenJDK 64-Bit Server VM Homebrew (build 11.0.27+0, mixed mode)

[debug] [2025-07-11T11:33:33.562Z] Parsed Java major version: 11
[info] i  emulators: Starting emulators: firestore {"metadata":{"emulator":{"name":"hub"},"message":"Starting emulators: firestore"}}
[debug] [2025-07-11T11:33:34.090Z] [logging] Logging Emulator only supports listening on one address (127.0.0.1). Not listening on ::1
[debug] [2025-07-11T11:33:34.090Z] [firestore] Firestore Emulator only supports listening on one address (127.0.0.1). Not listening on ::1
[debug] [2025-07-11T11:33:34.090Z] [firestore.websocket] websocket server for firestore only supports listening on one address (127.0.0.1). Not listening on ::1
[debug] [2025-07-11T11:33:34.090Z] assigned listening specs for emulators {"user":{"hub":[{"address":"127.0.0.1","family":"IPv4","port":4400},{"address":"::1","family":"IPv6","port":4400}],"ui":[{"address":"127.0.0.1","family":"IPv4","port":4000},{"address":"::1","family":"IPv6","port":4000}],"logging":[{"address":"127.0.0.1","family":"IPv4","port":4500}],"firestore":[{"address":"127.0.0.1","family":"IPv4","port":8080}],"firestore.websocket":[{"address":"127.0.0.1","family":"IPv4","port":9150}]},"metadata":{"message":"assigned listening specs for emulators"}}
[debug] [2025-07-11T11:33:34.093Z] [hub] writing locator at /var/folders/6f/7f5l55q970bfm2_14lrfq0_w0000gn/T/hub-idea-playground-1f730.json
[info] i  firestore: downloading cloud-firestore-emulator-v1.19.7.jar... {"metadata":{"emulator":{"name":"firestore"},"message":"downloading cloud-firestore-emulator-v1.19.7.jar..."}}
[debug] [2025-07-11T11:33:34.099Z] >>> [apiv2][query] GET https://storage.googleapis.com/firebase-preview-drop/emulator/cloud-firestore-emulator-v1.19.7.jar 
[debug] [2025-07-11T11:33:34.478Z] <<< [apiv2][status] GET https://storage.googleapis.com/firebase-preview-drop/emulator/cloud-firestore-emulator-v1.19.7.jar 200
[debug] [2025-07-11T11:33:34.478Z] <<< [apiv2][body] GET https://storage.googleapis.com/firebase-preview-drop/emulator/cloud-firestore-emulator-v1.19.7.jar [stream]
[debug] [2025-07-11T11:33:37.976Z] Ignoring unsupported arg: auto_download {"metadata":{"emulator":{"name":"firestore"},"message":"Ignoring unsupported arg: auto_download"}}
[debug] [2025-07-11T11:33:37.977Z] Ignoring unsupported arg: single_project_mode_error {"metadata":{"emulator":{"name":"firestore"},"message":"Ignoring unsupported arg: single_project_mode_error"}}
[debug] [2025-07-11T11:33:37.977Z] Starting Firestore Emulator with command {"binary":"java","args":["-Dgoogle.cloud_firestore.debug_log_level=FINE","-Duser.language=en","-jar","/Users/merav/.cache/firebase/emulators/cloud-firestore-emulator-v1.19.7.jar","--host","127.0.0.1","--port",8080,"--websocket_port",9150,"--project_id","idea-playground-1f730","--rules","/Users/merav/code/idea-playground/firestore.rules","--single_project_mode",true],"optionalArgs":["port","webchannel_port","host","rules","websocket_port","functions_emulator","seed_from_export","project_id","single_project_mode"],"joinArgs":false,"shell":false} {"metadata":{"emulator":{"name":"firestore"},"message":"Starting Firestore Emulator with command {\"binary\":\"java\",\"args\":[\"-Dgoogle.cloud_firestore.debug_log_level=FINE\",\"-Duser.language=en\",\"-jar\",\"/Users/merav/.cache/firebase/emulators/cloud-firestore-emulator-v1.19.7.jar\",\"--host\",\"127.0.0.1\",\"--port\",8080,\"--websocket_port\",9150,\"--project_id\",\"idea-playground-1f730\",\"--rules\",\"/Users/merav/code/idea-playground/firestore.rules\",\"--single_project_mode\",true],\"optionalArgs\":[\"port\",\"webchannel_port\",\"host\",\"rules\",\"websocket_port\",\"functions_emulator\",\"seed_from_export\",\"project_id\",\"single_project_mode\"],\"joinArgs\":false,\"shell\":false}"}}
[info] i  firestore: Firestore Emulator logging to firestore-debug.log {"metadata":{"emulator":{"name":"firestore"},"message":"Firestore Emulator logging to \u001b[1mfirestore-debug.log\u001b[22m"}}
[debug] [2025-07-11T11:33:39.072Z] Jul 11, 2025 2:33:39 PM com.google.cloud.datastore.emulator.firestore.websocket.WebSocketServer start
INFO: Started WebSocket server on ws://127.0.0.1:9150
 {"metadata":{"emulator":{"name":"firestore"},"message":"Jul 11, 2025 2:33:39 PM com.google.cloud.datastore.emulator.firestore.websocket.WebSocketServer start\nINFO: Started WebSocket server on ws://127.0.0.1:9150\n"}}
[debug] [2025-07-11T11:33:39.088Z] API endpoint: http:// {"metadata":{"emulator":{"name":"firestore"},"message":"API endpoint: http://"}}
[debug] [2025-07-11T11:33:39.089Z] 127.0.0.1:8080
If you are using a library that supports the FIRESTORE_EMULATOR_HOST environment variable, run:

   export FIRESTORE_EMULATOR_HOST=127.0.0.1:8080

If you are running a Firestore in Datastore Mode project, run:

   export DATASTORE_EMULATOR_HOST=127.0.0.1:8080

Note: Support for Datastore Mode is in preview. If you encounter any bugs please file at https://github.com/firebase/firebase-tools/issues.
Dev App Server is now running.

 {"metadata":{"emulator":{"name":"firestore"},"message":"127.0.0.1:8080\nIf you are using a library that supports the FIRESTORE_EMULATOR_HOST environment variable, run:\n\n   export FIRESTORE_EMULATOR_HOST=127.0.0.1:8080\n\nIf you are running a Firestore in Datastore Mode project, run:\n\n   export DATASTORE_EMULATOR_HOST=127.0.0.1:8080\n\nNote: Support for Datastore Mode is in preview. If you encounter any bugs please file at https://github.com/firebase/firebase-tools/issues.\nDev App Server is now running.\n\n"}}
[info] ✔  firestore: Firestore Emulator UI websocket is running on 9150. {"metadata":{"emulator":{"name":"firestore"},"message":"Firestore Emulator UI websocket is running on 9150."}}
[info] i  ui: downloading ui-v1.13.0.zip... {"metadata":{"emulator":{"name":"ui"},"message":"downloading ui-v1.13.0.zip..."}}
[debug] [2025-07-11T11:33:39.205Z] >>> [apiv2][query] GET https://storage.googleapis.com/firebase-preview-drop/emulator/ui-v1.13.0.zip 
[debug] [2025-07-11T11:33:39.481Z] <<< [apiv2][status] GET https://storage.googleapis.com/firebase-preview-drop/emulator/ui-v1.13.0.zip 200
[debug] [2025-07-11T11:33:39.481Z] <<< [apiv2][body] GET https://storage.googleapis.com/firebase-preview-drop/emulator/ui-v1.13.0.zip [stream]
[debug] [2025-07-11T11:33:40.556Z] Jul 11, 2025 2:33:40 PM io.gapi.emulators.netty.HttpVersionRoutingHandler channelRead
INFO: Detected HTTP/2 connection.
 {"metadata":{"emulator":{"name":"firestore"},"message":"Jul 11, 2025 2:33:40 PM io.gapi.emulators.netty.HttpVersionRoutingHandler channelRead\nINFO: Detected HTTP/2 connection.\n"}}
[debug] [2025-07-11T11:33:40.777Z] Data is 3605485
[debug] [2025-07-11T11:33:40.778Z] [unzip] Entry: client/ (compressed_size=0 bytes, uncompressed_size=0 bytes)
[debug] [2025-07-11T11:33:40.778Z] [unzip] Processing entry: client/
[debug] [2025-07-11T11:33:40.778Z] [unzip] mkdir: /Users/merav/.cache/firebase/emulators/ui-v1.13.0/client/
[debug] [2025-07-11T11:33:40.778Z] [unzip] Entry: client/favicon-16x16.png (compressed_size=293 bytes, uncompressed_size=293 bytes)
[debug] [2025-07-11T11:33:40.779Z] [unzip] Processing entry: client/favicon-16x16.png
[debug] [2025-07-11T11:33:40.779Z] [unzip] else mkdir: /Users/merav/.cache/firebase/emulators/ui-v1.13.0/client
[debug] [2025-07-11T11:33:40.779Z] [unzip] Writing file: /Users/merav/.cache/firebase/emulators/ui-v1.13.0/client/favicon-16x16.png
[debug] [2025-07-11T11:33:40.780Z] [unzip] Entry: client/safari-pinned-tab.svg (compressed_size=1433 bytes, uncompressed_size=2611 bytes)
[debug] [2025-07-11T11:33:40.780Z] [unzip] Processing entry: client/safari-pinned-tab.svg
[debug] [2025-07-11T11:33:40.780Z] [unzip] else mkdir: /Users/merav/.cache/firebase/emulators/ui-v1.13.0/client
[debug] [2025-07-11T11:33:40.781Z] [unzip] deflating: /Users/merav/.cache/firebase/emulators/ui-v1.13.0/client/safari-pinned-tab.svg
[debug] [2025-07-11T11:33:40.786Z] [unzip] Entry: client/favicon.ico (compressed_size=2933 bytes, uncompressed_size=13294 bytes)
[debug] [2025-07-11T11:33:40.786Z] [unzip] Processing entry: client/favicon.ico
[debug] [2025-07-11T11:33:40.786Z] [unzip] else mkdir: /Users/merav/.cache/firebase/emulators/ui-v1.13.0/client
[debug] [2025-07-11T11:33:40.786Z] [unzip] deflating: /Users/merav/.cache/firebase/emulators/ui-v1.13.0/client/favicon.ico
[debug] [2025-07-11T11:33:40.787Z] [unzip] Entry: client/index.html (compressed_size=1361 bytes, uncompressed_size=3071 bytes)
[debug] [2025-07-11T11:33:40.787Z] [unzip] Processing entry: client/index.html
[debug] [2025-07-11T11:33:40.787Z] [unzip] else mkdir: /Users/merav/.cache/firebase/emulators/ui-v1.13.0/client
[debug] [2025-07-11T11:33:40.788Z] [unzip] deflating: /Users/merav/.cache/firebase/emulators/ui-v1.13.0/client/index.html
[debug] [2025-07-11T11:33:40.789Z] [unzip] Entry: client/android-chrome-192x192.png (compressed_size=2684 bytes, uncompressed_size=2684 bytes)
[debug] [2025-07-11T11:33:40.789Z] [unzip] Processing entry: client/android-chrome-192x192.png
[debug] [2025-07-11T11:33:40.789Z] [unzip] else mkdir: /Users/merav/.cache/firebase/emulators/ui-v1.13.0/client
[debug] [2025-07-11T11:33:40.789Z] [unzip] Writing file: /Users/merav/.cache/firebase/emulators/ui-v1.13.0/client/android-chrome-192x192.png
[debug] [2025-07-11T11:33:40.789Z] [unzip] Entry: client/apple-touch-icon.png (compressed_size=2123 bytes, uncompressed_size=2152 bytes)
[debug] [2025-07-11T11:33:40.789Z] [unzip] Processing entry: client/apple-touch-icon.png
[debug] [2025-07-11T11:33:40.789Z] [unzip] else mkdir: /Users/merav/.cache/firebase/emulators/ui-v1.13.0/client
[debug] [2025-07-11T11:33:40.790Z] [unzip] deflating: /Users/merav/.cache/firebase/emulators/ui-v1.13.0/client/apple-touch-icon.png
[debug] [2025-07-11T11:33:40.791Z] [unzip] Entry: client/android-chrome-512x512.png (compressed_size=5369 bytes, uncompressed_size=5411 bytes)
[debug] [2025-07-11T11:33:40.791Z] [unzip] Processing entry: client/android-chrome-512x512.png
[debug] [2025-07-11T11:33:40.791Z] [unzip] else mkdir: /Users/merav/.cache/firebase/emulators/ui-v1.13.0/client
[debug] [2025-07-11T11:33:40.791Z] [unzip] deflating: /Users/merav/.cache/firebase/emulators/ui-v1.13.0/client/android-chrome-512x512.png
[debug] [2025-07-11T11:33:40.793Z] [unzip] Entry: client/manifest.json (compressed_size=245 bytes, uncompressed_size=551 bytes)
[debug] [2025-07-11T11:33:40.793Z] [unzip] Processing entry: client/manifest.json
[debug] [2025-07-11T11:33:40.793Z] [unzip] else mkdir: /Users/merav/.cache/firebase/emulators/ui-v1.13.0/client
[debug] [2025-07-11T11:33:40.793Z] [unzip] deflating: /Users/merav/.cache/firebase/emulators/ui-v1.13.0/client/manifest.json
[debug] [2025-07-11T11:33:40.794Z] [unzip] Entry: client/robots.txt (compressed_size=26 bytes, uncompressed_size=26 bytes)
[debug] [2025-07-11T11:33:40.794Z] [unzip] Processing entry: client/robots.txt
[debug] [2025-07-11T11:33:40.794Z] [unzip] else mkdir: /Users/merav/.cache/firebase/emulators/ui-v1.13.0/client
[debug] [2025-07-11T11:33:40.795Z] [unzip] Writing file: /Users/merav/.cache/firebase/emulators/ui-v1.13.0/client/robots.txt
[debug] [2025-07-11T11:33:40.795Z] [unzip] Entry: client/mstile-150x150.png (compressed_size=2034 bytes, uncompressed_size=2034 bytes)
[debug] [2025-07-11T11:33:40.795Z] [unzip] Processing entry: client/mstile-150x150.png
[debug] [2025-07-11T11:33:40.795Z] [unzip] else mkdir: /Users/merav/.cache/firebase/emulators/ui-v1.13.0/client
[debug] [2025-07-11T11:33:40.795Z] [unzip] Writing file: /Users/merav/.cache/firebase/emulators/ui-v1.13.0/client/mstile-150x150.png
[debug] [2025-07-11T11:33:40.796Z] [unzip] Entry: client/assets/ (compressed_size=0 bytes, uncompressed_size=0 bytes)
[debug] [2025-07-11T11:33:40.796Z] [unzip] Processing entry: client/assets/
[debug] [2025-07-11T11:33:40.796Z] [unzip] mkdir: /Users/merav/.cache/firebase/emulators/ui-v1.13.0/client/assets/
[debug] [2025-07-11T11:33:40.796Z] [unzip] Entry: client/assets/index-I-mhtQda.js.map (compressed_size=2322562 bytes, uncompressed_size=9922747 bytes)
[debug] [2025-07-11T11:33:40.796Z] [unzip] Processing entry: client/assets/index-I-mhtQda.js.map
[debug] [2025-07-11T11:33:40.796Z] [unzip] else mkdir: /Users/merav/.cache/firebase/emulators/ui-v1.13.0/client/assets
[debug] [2025-07-11T11:33:40.796Z] [unzip] deflating: /Users/merav/.cache/firebase/emulators/ui-v1.13.0/client/assets/index-I-mhtQda.js.map
[debug] [2025-07-11T11:33:40.904Z] [unzip] Entry: client/assets/index-BdgySamB.css (compressed_size=35979 bytes, uncompressed_size=298654 bytes)
[debug] [2025-07-11T11:33:40.905Z] [unzip] Processing entry: client/assets/index-BdgySamB.css
[debug] [2025-07-11T11:33:40.905Z] [unzip] else mkdir: /Users/merav/.cache/firebase/emulators/ui-v1.13.0/client/assets
[debug] [2025-07-11T11:33:40.933Z] [unzip] deflating: /Users/merav/.cache/firebase/emulators/ui-v1.13.0/client/assets/index-BdgySamB.css
[debug] [2025-07-11T11:33:40.941Z] [unzip] Entry: client/assets/index-I-mhtQda.js (compressed_size=565968 bytes, uncompressed_size=2030855 bytes)
[debug] [2025-07-11T11:33:40.941Z] [unzip] Processing entry: client/assets/index-I-mhtQda.js
[debug] [2025-07-11T11:33:40.941Z] [unzip] else mkdir: /Users/merav/.cache/firebase/emulators/ui-v1.13.0/client/assets
[debug] [2025-07-11T11:33:40.941Z] [unzip] deflating: /Users/merav/.cache/firebase/emulators/ui-v1.13.0/client/assets/index-I-mhtQda.js
[debug] [2025-07-11T11:33:40.956Z] [unzip] Entry: client/assets/extensions/ (compressed_size=0 bytes, uncompressed_size=0 bytes)
[debug] [2025-07-11T11:33:40.956Z] [unzip] Processing entry: client/assets/extensions/
[debug] [2025-07-11T11:33:40.956Z] [unzip] mkdir: /Users/merav/.cache/firebase/emulators/ui-v1.13.0/client/assets/extensions/
[debug] [2025-07-11T11:33:40.957Z] [unzip] Entry: client/assets/extensions/default-extension.png (compressed_size=1646 bytes, uncompressed_size=1657 bytes)
[debug] [2025-07-11T11:33:40.957Z] [unzip] Processing entry: client/assets/extensions/default-extension.png
[debug] [2025-07-11T11:33:40.957Z] [unzip] else mkdir: /Users/merav/.cache/firebase/emulators/ui-v1.13.0/client/assets/extensions
[debug] [2025-07-11T11:33:40.959Z] [unzip] deflating: /Users/merav/.cache/firebase/emulators/ui-v1.13.0/client/assets/extensions/default-extension.png
[debug] [2025-07-11T11:33:40.962Z] [unzip] Entry: client/assets/img/ (compressed_size=0 bytes, uncompressed_size=0 bytes)
[debug] [2025-07-11T11:33:40.962Z] [unzip] Processing entry: client/assets/img/
[debug] [2025-07-11T11:33:40.962Z] [unzip] mkdir: /Users/merav/.cache/firebase/emulators/ui-v1.13.0/client/assets/img/
[debug] [2025-07-11T11:33:40.963Z] [unzip] Entry: client/assets/img/database.png (compressed_size=29449 bytes, uncompressed_size=29988 bytes)
[debug] [2025-07-11T11:33:40.963Z] [unzip] Processing entry: client/assets/img/database.png
[debug] [2025-07-11T11:33:40.963Z] [unzip] else mkdir: /Users/merav/.cache/firebase/emulators/ui-v1.13.0/client/assets/img
[debug] [2025-07-11T11:33:40.963Z] [unzip] deflating: /Users/merav/.cache/firebase/emulators/ui-v1.13.0/client/assets/img/database.png
[debug] [2025-07-11T11:33:40.965Z] [unzip] Entry: client/assets/provider-icons/ (compressed_size=0 bytes, uncompressed_size=0 bytes)
[debug] [2025-07-11T11:33:40.965Z] [unzip] Processing entry: client/assets/provider-icons/
[debug] [2025-07-11T11:33:40.965Z] [unzip] mkdir: /Users/merav/.cache/firebase/emulators/ui-v1.13.0/client/assets/provider-icons/
[debug] [2025-07-11T11:33:40.966Z] [unzip] Entry: client/assets/provider-icons/auth_service_saml.svg (compressed_size=575 bytes, uncompressed_size=1226 bytes)
[debug] [2025-07-11T11:33:40.966Z] [unzip] Processing entry: client/assets/provider-icons/auth_service_saml.svg
[debug] [2025-07-11T11:33:40.966Z] [unzip] else mkdir: /Users/merav/.cache/firebase/emulators/ui-v1.13.0/client/assets/provider-icons
[debug] [2025-07-11T11:33:40.971Z] [unzip] deflating: /Users/merav/.cache/firebase/emulators/ui-v1.13.0/client/assets/provider-icons/auth_service_saml.svg
[debug] [2025-07-11T11:33:40.972Z] [unzip] Entry: client/assets/provider-icons/auth_service_phone.svg (compressed_size=261 bytes, uncompressed_size=414 bytes)
[debug] [2025-07-11T11:33:40.972Z] [unzip] Processing entry: client/assets/provider-icons/auth_service_phone.svg
[debug] [2025-07-11T11:33:40.973Z] [unzip] else mkdir: /Users/merav/.cache/firebase/emulators/ui-v1.13.0/client/assets/provider-icons
[debug] [2025-07-11T11:33:40.974Z] [unzip] deflating: /Users/merav/.cache/firebase/emulators/ui-v1.13.0/client/assets/provider-icons/auth_service_phone.svg
[debug] [2025-07-11T11:33:40.976Z] [unzip] Entry: client/assets/provider-icons/auth_service_facebook.svg (compressed_size=289 bytes, uncompressed_size=457 bytes)
[debug] [2025-07-11T11:33:40.976Z] [unzip] Processing entry: client/assets/provider-icons/auth_service_facebook.svg
[debug] [2025-07-11T11:33:40.976Z] [unzip] else mkdir: /Users/merav/.cache/firebase/emulators/ui-v1.13.0/client/assets/provider-icons
[debug] [2025-07-11T11:33:40.976Z] [unzip] deflating: /Users/merav/.cache/firebase/emulators/ui-v1.13.0/client/assets/provider-icons/auth_service_facebook.svg
[debug] [2025-07-11T11:33:40.978Z] [unzip] Entry: client/assets/provider-icons/auth_service_game_center.svg (compressed_size=991 bytes, uncompressed_size=3921 bytes)
[debug] [2025-07-11T11:33:40.978Z] [unzip] Processing entry: client/assets/provider-icons/auth_service_game_center.svg
[debug] [2025-07-11T11:33:40.978Z] [unzip] else mkdir: /Users/merav/.cache/firebase/emulators/ui-v1.13.0/client/assets/provider-icons
[debug] [2025-07-11T11:33:40.978Z] [unzip] deflating: /Users/merav/.cache/firebase/emulators/ui-v1.13.0/client/assets/provider-icons/auth_service_game_center.svg
[debug] [2025-07-11T11:33:40.980Z] [unzip] Entry: client/assets/provider-icons/auth_service_apple.svg (compressed_size=230 bytes, uncompressed_size=334 bytes)
[debug] [2025-07-11T11:33:40.980Z] [unzip] Processing entry: client/assets/provider-icons/auth_service_apple.svg
[debug] [2025-07-11T11:33:40.980Z] [unzip] else mkdir: /Users/merav/.cache/firebase/emulators/ui-v1.13.0/client/assets/provider-icons
[debug] [2025-07-11T11:33:40.980Z] [unzip] deflating: /Users/merav/.cache/firebase/emulators/ui-v1.13.0/client/assets/provider-icons/auth_service_apple.svg
[debug] [2025-07-11T11:33:40.981Z] [unzip] Entry: client/assets/provider-icons/auth_service_github.svg (compressed_size=466 bytes, uncompressed_size=838 bytes)
[debug] [2025-07-11T11:33:40.982Z] [unzip] Processing entry: client/assets/provider-icons/auth_service_github.svg
[debug] [2025-07-11T11:33:40.982Z] [unzip] else mkdir: /Users/merav/.cache/firebase/emulators/ui-v1.13.0/client/assets/provider-icons
[debug] [2025-07-11T11:33:40.982Z] [unzip] deflating: /Users/merav/.cache/firebase/emulators/ui-v1.13.0/client/assets/provider-icons/auth_service_github.svg
[debug] [2025-07-11T11:33:40.983Z] [unzip] Entry: client/assets/provider-icons/auth_service_mslive.svg (compressed_size=203 bytes, uncompressed_size=378 bytes)
[debug] [2025-07-11T11:33:40.984Z] [unzip] Processing entry: client/assets/provider-icons/auth_service_mslive.svg
[debug] [2025-07-11T11:33:40.984Z] [unzip] else mkdir: /Users/merav/.cache/firebase/emulators/ui-v1.13.0/client/assets/provider-icons
[debug] [2025-07-11T11:33:40.984Z] [unzip] deflating: /Users/merav/.cache/firebase/emulators/ui-v1.13.0/client/assets/provider-icons/auth_service_mslive.svg
[debug] [2025-07-11T11:33:40.986Z] [unzip] Entry: client/assets/provider-icons/auth_service_yahoo.svg (compressed_size=577 bytes, uncompressed_size=1182 bytes)
[debug] [2025-07-11T11:33:40.987Z] [unzip] Processing entry: client/assets/provider-icons/auth_service_yahoo.svg
[debug] [2025-07-11T11:33:40.987Z] [unzip] else mkdir: /Users/merav/.cache/firebase/emulators/ui-v1.13.0/client/assets/provider-icons
[debug] [2025-07-11T11:33:40.987Z] [unzip] deflating: /Users/merav/.cache/firebase/emulators/ui-v1.13.0/client/assets/provider-icons/auth_service_yahoo.svg
[debug] [2025-07-11T11:33:40.988Z] [unzip] Entry: client/assets/provider-icons/auth_service_twitter.svg (compressed_size=444 bytes, uncompressed_size=751 bytes)
[debug] [2025-07-11T11:33:40.988Z] [unzip] Processing entry: client/assets/provider-icons/auth_service_twitter.svg
[debug] [2025-07-11T11:33:40.988Z] [unzip] else mkdir: /Users/merav/.cache/firebase/emulators/ui-v1.13.0/client/assets/provider-icons
[debug] [2025-07-11T11:33:40.989Z] [unzip] deflating: /Users/merav/.cache/firebase/emulators/ui-v1.13.0/client/assets/provider-icons/auth_service_twitter.svg
[debug] [2025-07-11T11:33:40.990Z] [unzip] Entry: client/assets/provider-icons/auth_service_play_games.svg (compressed_size=565 bytes, uncompressed_size=1173 bytes)
[debug] [2025-07-11T11:33:40.990Z] [unzip] Processing entry: client/assets/provider-icons/auth_service_play_games.svg
[debug] [2025-07-11T11:33:40.990Z] [unzip] else mkdir: /Users/merav/.cache/firebase/emulators/ui-v1.13.0/client/assets/provider-icons
[debug] [2025-07-11T11:33:40.990Z] [unzip] deflating: /Users/merav/.cache/firebase/emulators/ui-v1.13.0/client/assets/provider-icons/auth_service_play_games.svg
[debug] [2025-07-11T11:33:40.992Z] [unzip] Entry: client/assets/provider-icons/auth_service_email.svg (compressed_size=228 bytes, uncompressed_size=326 bytes)
[debug] [2025-07-11T11:33:40.992Z] [unzip] Processing entry: client/assets/provider-icons/auth_service_email.svg
[debug] [2025-07-11T11:33:40.992Z] [unzip] else mkdir: /Users/merav/.cache/firebase/emulators/ui-v1.13.0/client/assets/provider-icons
[debug] [2025-07-11T11:33:40.992Z] [unzip] deflating: /Users/merav/.cache/firebase/emulators/ui-v1.13.0/client/assets/provider-icons/auth_service_email.svg
[debug] [2025-07-11T11:33:40.994Z] [unzip] Entry: client/assets/provider-icons/auth_service_google.svg (compressed_size=409 bytes, uncompressed_size=720 bytes)
[debug] [2025-07-11T11:33:40.994Z] [unzip] Processing entry: client/assets/provider-icons/auth_service_google.svg
[debug] [2025-07-11T11:33:40.994Z] [unzip] else mkdir: /Users/merav/.cache/firebase/emulators/ui-v1.13.0/client/assets/provider-icons
[debug] [2025-07-11T11:33:40.994Z] [unzip] deflating: /Users/merav/.cache/firebase/emulators/ui-v1.13.0/client/assets/provider-icons/auth_service_google.svg
[debug] [2025-07-11T11:33:40.996Z] [unzip] Entry: client/assets/provider-icons/auth_service_oidc.svg (compressed_size=414 bytes, uncompressed_size=858 bytes)
[debug] [2025-07-11T11:33:40.996Z] [unzip] Processing entry: client/assets/provider-icons/auth_service_oidc.svg
[debug] [2025-07-11T11:33:40.996Z] [unzip] else mkdir: /Users/merav/.cache/firebase/emulators/ui-v1.13.0/client/assets/provider-icons
[debug] [2025-07-11T11:33:40.996Z] [unzip] deflating: /Users/merav/.cache/firebase/emulators/ui-v1.13.0/client/assets/provider-icons/auth_service_oidc.svg
[debug] [2025-07-11T11:33:40.997Z] [unzip] Entry: client/browserconfig.xml (compressed_size=491 bytes, uncompressed_size=822 bytes)
[debug] [2025-07-11T11:33:40.997Z] [unzip] Processing entry: client/browserconfig.xml
[debug] [2025-07-11T11:33:40.997Z] [unzip] else mkdir: /Users/merav/.cache/firebase/emulators/ui-v1.13.0/client
[debug] [2025-07-11T11:33:40.998Z] [unzip] deflating: /Users/merav/.cache/firebase/emulators/ui-v1.13.0/client/browserconfig.xml
[debug] [2025-07-11T11:33:40.999Z] [unzip] Entry: client/favicon-32x32.png (compressed_size=475 bytes, uncompressed_size=475 bytes)
[debug] [2025-07-11T11:33:40.999Z] [unzip] Processing entry: client/favicon-32x32.png
[debug] [2025-07-11T11:33:40.999Z] [unzip] else mkdir: /Users/merav/.cache/firebase/emulators/ui-v1.13.0/client
[debug] [2025-07-11T11:33:40.999Z] [unzip] Writing file: /Users/merav/.cache/firebase/emulators/ui-v1.13.0/client/favicon-32x32.png
[debug] [2025-07-11T11:33:41.000Z] [unzip] Entry: server/ (compressed_size=0 bytes, uncompressed_size=0 bytes)
[debug] [2025-07-11T11:33:41.000Z] [unzip] Processing entry: server/
[debug] [2025-07-11T11:33:41.000Z] [unzip] mkdir: /Users/merav/.cache/firebase/emulators/ui-v1.13.0/server/
[debug] [2025-07-11T11:33:41.000Z] [unzip] Entry: server/server.mjs.map (compressed_size=294629 bytes, uncompressed_size=1346672 bytes)
[debug] [2025-07-11T11:33:41.000Z] [unzip] Processing entry: server/server.mjs.map
[debug] [2025-07-11T11:33:41.000Z] [unzip] else mkdir: /Users/merav/.cache/firebase/emulators/ui-v1.13.0/server
[debug] [2025-07-11T11:33:41.001Z] [unzip] deflating: /Users/merav/.cache/firebase/emulators/ui-v1.13.0/server/server.mjs.map
[debug] [2025-07-11T11:33:41.010Z] [unzip] Entry: server/server.mjs (compressed_size=314679 bytes, uncompressed_size=1167517 bytes)
[debug] [2025-07-11T11:33:41.011Z] [unzip] Processing entry: server/server.mjs
[debug] [2025-07-11T11:33:41.011Z] [unzip] else mkdir: /Users/merav/.cache/firebase/emulators/ui-v1.13.0/server
[debug] [2025-07-11T11:33:41.011Z] [unzip] deflating: /Users/merav/.cache/firebase/emulators/ui-v1.13.0/server/server.mjs
[debug] [2025-07-11T11:33:41.018Z] [unzip] Entry: server/assets/ (compressed_size=0 bytes, uncompressed_size=0 bytes)
[debug] [2025-07-11T11:33:41.018Z] [unzip] Processing entry: server/assets/
[debug] [2025-07-11T11:33:41.018Z] [unzip] mkdir: /Users/merav/.cache/firebase/emulators/ui-v1.13.0/server/assets/
[debug] [2025-07-11T11:33:41.019Z] [unzip] Entry: server/assets/multipart-parser-DGCUZdXu.mjs.map (compressed_size=4791 bytes, uncompressed_size=17918 bytes)
[debug] [2025-07-11T11:33:41.019Z] [unzip] Processing entry: server/assets/multipart-parser-DGCUZdXu.mjs.map
[debug] [2025-07-11T11:33:41.019Z] [unzip] else mkdir: /Users/merav/.cache/firebase/emulators/ui-v1.13.0/server/assets
[debug] [2025-07-11T11:33:41.019Z] [unzip] deflating: /Users/merav/.cache/firebase/emulators/ui-v1.13.0/server/assets/multipart-parser-DGCUZdXu.mjs.map
[debug] [2025-07-11T11:33:41.021Z] [unzip] Entry: server/assets/multipart-parser-DGCUZdXu.mjs (compressed_size=2621 bytes, uncompressed_size=10390 bytes)
[debug] [2025-07-11T11:33:41.021Z] [unzip] Processing entry: server/assets/multipart-parser-DGCUZdXu.mjs
[debug] [2025-07-11T11:33:41.021Z] [unzip] else mkdir: /Users/merav/.cache/firebase/emulators/ui-v1.13.0/server/assets
[debug] [2025-07-11T11:33:41.021Z] [unzip] deflating: /Users/merav/.cache/firebase/emulators/ui-v1.13.0/server/assets/multipart-parser-DGCUZdXu.mjs
[debug] [2025-07-11T11:33:41.023Z] Ignoring unsupported arg: auto_download {"metadata":{"emulator":{"name":"ui"},"message":"Ignoring unsupported arg: auto_download"}}
[debug] [2025-07-11T11:33:41.023Z] Ignoring unsupported arg: port {"metadata":{"emulator":{"name":"ui"},"message":"Ignoring unsupported arg: port"}}
[debug] [2025-07-11T11:33:41.023Z] Starting Emulator UI with command {"binary":"node","args":["/Users/merav/.cache/firebase/emulators/ui-v1.13.0/server/server.mjs"],"optionalArgs":[],"joinArgs":false,"shell":false} {"metadata":{"emulator":{"name":"ui"},"message":"Starting Emulator UI with command {\"binary\":\"node\",\"args\":[\"/Users/merav/.cache/firebase/emulators/ui-v1.13.0/server/server.mjs\"],\"optionalArgs\":[],\"joinArgs\":false,\"shell\":false}"}}
[info] i  ui: Emulator UI logging to ui-debug.log {"metadata":{"emulator":{"name":"ui"},"message":"Emulator UI logging to \u001b[1mui-debug.log\u001b[22m"}}
[debug] [2025-07-11T11:33:41.269Z] Web / API server started at 127.0.0.1:4000
Web / API server started at ::1:4000
 {"metadata":{"emulator":{"name":"ui"},"message":"Web / API server started at 127.0.0.1:4000\nWeb / API server started at ::1:4000\n"}}
[info] 
┌─────────────────────────────────────────────────────────────┐
│ ✔  All emulators ready! It is now safe to connect your app. │
│ i  View Emulator UI at http://127.0.0.1:4000/               │
└─────────────────────────────────────────────────────────────┘

┌───────────┬────────────────┬─────────────────────────────────┐
│ Emulator  │ Host:Port      │ View in Emulator UI             │
├───────────┼────────────────┼─────────────────────────────────┤
│ Firestore │ 127.0.0.1:8080 │ http://127.0.0.1:4000/firestore │
└───────────┴────────────────┴─────────────────────────────────┘
  Emulator Hub running at 127.0.0.1:4400
  Other reserved ports: 4500, 9150

Issues? Report them at https://github.com/firebase/firebase-tools/issues and attach the *-debug.log files.
 
[debug] [2025-07-11T11:33:54.812Z] Jul 11, 2025 2:33:54 PM io.gapi.emulators.netty.HttpVersionRoutingHandler channelRead
INFO: Detected non-HTTP/2 connection.
 {"metadata":{"emulator":{"name":"firestore"},"message":"Jul 11, 2025 2:33:54 PM io.gapi.emulators.netty.HttpVersionRoutingHandler channelRead\nINFO: Detected non-HTTP/2 connection.\n"}}
[debug] [2025-07-11T11:33:54.818Z] Jul 11, 2025 2:33:54 PM io.gapi.emulators.netty.NotFoundHandler handleRequest
INFO: Unknown request URI: /health
 {"metadata":{"emulator":{"name":"firestore"},"message":"Jul 11, 2025 2:33:54 PM io.gapi.emulators.netty.NotFoundHandler handleRequest\nINFO: Unknown request URI: /health\n"}}
[debug] [2025-07-11T11:33:59.220Z] Jul 11, 2025 2:33:59 PM io.gapi.emulators.netty.HttpVersionRoutingHandler channelRead
INFO: Detected non-HTTP/2 connection.
 {"metadata":{"emulator":{"name":"firestore"},"message":"Jul 11, 2025 2:33:59 PM io.gapi.emulators.netty.HttpVersionRoutingHandler channelRead\nINFO: Detected non-HTTP/2 connection.\n"}}
[debug] [2025-07-11T11:33:59.222Z] Jul 11, 2025 2:33:59 PM io.gapi.emulators.netty.NotFoundHandler handleRequest
INFO: Unknown request URI: /api/ideas
 {"metadata":{"emulator":{"name":"firestore"},"message":"Jul 11, 2025 2:33:59 PM io.gapi.emulators.netty.NotFoundHandler handleRequest\nINFO: Unknown request URI: /api/ideas\n"}}
[debug] [2025-07-11T11:44:34.113Z] Jul 11, 2025 2:44:34 PM io.gapi.emulators.netty.HttpVersionRoutingHandler channelRead
INFO: Detected non-HTTP/2 connection.
 {"metadata":{"emulator":{"name":"firestore"},"message":"Jul 11, 2025 2:44:34 PM io.gapi.emulators.netty.HttpVersionRoutingHandler channelRead\nINFO: Detected non-HTTP/2 connection.\n"}}
[debug] [2025-07-11T11:44:34.114Z] Jul 11, 2025 2:44:34 PM io.gapi.emulators.netty.NotFoundHandler handleRequest
INFO: Unknown request URI: /health
 {"metadata":{"emulator":{"name":"firestore"},"message":"Jul 11, 2025 2:44:34 PM io.gapi.emulators.netty.NotFoundHandler handleRequest\nINFO: Unknown request URI: /health\n"}}
[debug] [2025-07-11T11:50:23.988Z] Jul 11, 2025 2:50:23 PM io.gapi.emulators.netty.HttpVersionRoutingHandler channelRead
INFO: Detected non-HTTP/2 connection.
 {"metadata":{"emulator":{"name":"firestore"},"message":"Jul 11, 2025 2:50:23 PM io.gapi.emulators.netty.HttpVersionRoutingHandler channelRead\nINFO: Detected non-HTTP/2 connection.\n"}}
[debug] [2025-07-11T11:50:23.989Z] Jul 11, 2025 2:50:23 PM io.gapi.emulators.netty.NotFoundHandler handleRequest
INFO: Unknown request URI: /health
 {"metadata":{"emulator":{"name":"firestore"},"message":"Jul 11, 2025 2:50:23 PM io.gapi.emulators.netty.NotFoundHandler handleRequest\nINFO: Unknown request URI: /health\n"}}
